<?xml version="1.0" encoding="UTF-8"?>
<testng-results skipped="0" failed="0" ignored="0" total="2" passed="2">
  <reporter-output>
  </reporter-output>
  <suite name="Command line suite" duration-ms="50" started-at="2023-04-30T16:08:12 BST" finished-at="2023-04-30T16:08:12 BST">
    <groups>
    </groups>
    <test name="Command line test" duration-ms="50" started-at="2023-04-30T16:08:12 BST" finished-at="2023-04-30T16:08:12 BST">
      <class name="com.tutorialsninja.testng.TestNGDemo">
        <test-method status="PASS" signature="beforeTest()[pri:0, instance:com.tutorialsninja.testng.TestNGDemo@1563da5]" name="beforeTest" is-config="true" duration-ms="12" started-at="2023-04-30T16:08:12 BST" finished-at="2023-04-30T16:08:12 BST">
          <reporter-output>
          </reporter-output>
        </test-method> <!-- beforeTest -->
        <test-method status="PASS" signature="beforeMethod()[pri:0, instance:com.tutorialsninja.testng.TestNGDemo@1563da5]" name="beforeMethod" is-config="true" duration-ms="0" started-at="2023-04-30T16:08:12 BST" finished-at="2023-04-30T16:08:12 BST">
          <reporter-output>
          </reporter-output>
        </test-method> <!-- beforeMethod -->
        <test-method status="PASS" signature="test1()[pri:0, instance:com.tutorialsninja.testng.TestNGDemo@1563da5]" name="test1" duration-ms="1" started-at="2023-04-30T16:08:12 BST" finished-at="2023-04-30T16:08:12 BST">
          <reporter-output>
          </reporter-output>
        </test-method> <!-- test1 -->
        <test-method status="PASS" signature="afterMethod()[pri:0, instance:com.tutorialsninja.testng.TestNGDemo@1563da5]" name="afterMethod" is-config="true" duration-ms="1" started-at="2023-04-30T16:08:12 BST" finished-at="2023-04-30T16:08:12 BST">
          <reporter-output>
          </reporter-output>
        </test-method> <!-- afterMethod -->
        <test-method status="PASS" signature="beforeMethod()[pri:0, instance:com.tutorialsninja.testng.TestNGDemo@1563da5]" name="beforeMethod" is-config="true" duration-ms="0" started-at="2023-04-30T16:08:12 BST" finished-at="2023-04-30T16:08:12 BST">
          <reporter-output>
          </reporter-output>
        </test-method> <!-- beforeMethod -->
        <test-method status="PASS" signature="afterMethod()[pri:0, instance:com.tutorialsninja.testng.TestNGDemo@1563da5]" name="afterMethod" is-config="true" duration-ms="0" started-at="2023-04-30T16:08:12 BST" finished-at="2023-04-30T16:08:12 BST">
          <reporter-output>
          </reporter-output>
        </test-method> <!-- afterMethod -->
        <test-method status="PASS" signature="test2()[pri:0, instance:com.tutorialsninja.testng.TestNGDemo@1563da5]" name="test2" duration-ms="0" started-at="2023-04-30T16:08:12 BST" finished-at="2023-04-30T16:08:12 BST">
          <reporter-output>
          </reporter-output>
        </test-method> <!-- test2 -->
        <test-method status="PASS" signature="afterTest()[pri:0, instance:com.tutorialsninja.testng.TestNGDemo@1563da5]" name="afterTest" is-config="true" duration-ms="0" started-at="2023-04-30T16:08:12 BST" finished-at="2023-04-30T16:08:12 BST">
          <reporter-output>
          </reporter-output>
        </test-method> <!-- afterTest -->
      </class> <!-- com.tutorialsninja.testng.TestNGDemo -->
    </test> <!-- Command line test -->
  </suite> <!-- Command line suite -->
</testng-results>
